<?xml version="1.0" encoding="UTF-8"?>
<coverage generated="1650021390634" clover="3.2.0">
  <project timestamp="1650021390635" name="All files">
    <metrics statements="11" coveredstatements="8" conditionals="4" coveredconditionals="0" methods="3" coveredmethods="2" elements="18" coveredelements="10" complexity="0" loc="11" ncloc="11" packages="1" files="1" classes="1"/>
    <file name="calculate1.js" path="/home/eliasfernandes/projects/refactoring-with-tests/calculate1.js">
      <metrics statements="11" coveredstatements="8" conditionals="4" coveredconditionals="0" methods="3" coveredmethods="2"/>
      <line num="2" count="1" type="stmt"/>
      <line num="3" count="1" type="stmt"/>
      <line num="4" count="1" type="stmt"/>
      <line num="6" count="1" type="stmt"/>
      <line num="7" count="3" type="stmt"/>
      <line num="10" count="1" type="stmt"/>
      <line num="11" count="0" type="stmt"/>
      <line num="15" count="1" type="stmt"/>
      <line num="16" count="3" type="cond" truecount="0" falsecount="2"/>
      <line num="17" count="0" type="cond" truecount="0" falsecount="2"/>
      <line num="18" count="0" type="stmt"/>
    </file>
  </project>
</coverage>
