{"/home/eliasfernandes/projects/refactoring-with-tests/calculate1.js": {"path":"/home/eliasfernandes/projects/refactoring-with-tests/calculate1.js","statementMap":{"0":{"start":{"line":2,"column":23},"end":{"line":2,"column":27}},"1":{"start":{"line":3,"column":15},"end":{"line":3,"column":18}},"2":{"start":{"line":4,"column":20},"end":{"line":4,"column":24}},"3":{"start":{"line":6,"column":20},"end":{"line":8,"column":1}},"4":{"start":{"line":7,"column":4},"end":{"line":7,"column":47}},"5":{"start":{"line":10,"column":17},"end":{"line":13,"column":1}},"6":{"start":{"line":11,"column":4},"end":{"line":11,"column":42}},"7":{"start":{"line":15,"column":0},"end":{"line":19,"column":1}},"8":{"start":{"line":16,"column":4},"end":{"line":16,"column":59}},"9":{"start":{"line":16,"column":26},"end":{"line":16,"column":59}},"10":{"start":{"line":17,"column":4},"end":{"line":17,"column":48}},"11":{"start":{"line":17,"column":23},"end":{"line":17,"column":48}},"12":{"start":{"line":18,"column":4},"end":{"line":18,"column":34}}},"fnMap":{"0":{"name":"(anonymous_0)","decl":{"start":{"line":6,"column":20},"end":{"line":6,"column":21}},"loc":{"start":{"line":6,"column":36},"end":{"line":8,"column":1}},"line":6},"1":{"name":"(anonymous_1)","decl":{"start":{"line":10,"column":17},"end":{"line":10,"column":18}},"loc":{"start":{"line":10,"column":33},"end":{"line":13,"column":1}},"line":10},"2":{"name":"(anonymous_2)","decl":{"start":{"line":15,"column":24},"end":{"line":15,"column":25}},"loc":{"start":{"line":15,"column":50},"end":{"line":19,"column":1}},"line":15}},"branchMap":{"0":{"loc":{"start":{"line":16,"column":4},"end":{"line":16,"column":59}},"type":"if","locations":[{"start":{"line":16,"column":4},"end":{"line":16,"column":59}},{"start":{},"end":{}}],"line":16},"1":{"loc":{"start":{"line":17,"column":4},"end":{"line":17,"column":48}},"type":"if","locations":[{"start":{"line":17,"column":4},"end":{"line":17,"column":48}},{"start":{},"end":{}}],"line":17}},"s":{"0":1,"1":1,"2":1,"3":1,"4":3,"5":1,"6":0,"7":1,"8":3,"9":0,"10":0,"11":0,"12":0},"f":{"0":3,"1":0,"2":3},"b":{"0":[0,0],"1":[0,0]},"_coverageSchema":"1a1c01bbd47fc00a2c39e90264f33305004495a9","hash":"419c8b795ec8bb8aa7efedb4e1e309cff25bc587"}
}
