{"/home/eliasfernandes/projects/refactoring-with-tests/calculate1.js": {"path":"/home/eliasfernandes/projects/refactoring-with-tests/calculate1.js","statementMap":{"0":{"start":{"line":3,"column":0},"end":{"line":15,"column":1}},"1":{"start":{"line":5,"column":4},"end":{"line":14,"column":5}},"2":{"start":{"line":6,"column":8},"end":{"line":6,"column":31}},"3":{"start":{"line":9,"column":8},"end":{"line":13,"column":9}},"4":{"start":{"line":10,"column":12},"end":{"line":10,"column":34}},"5":{"start":{"line":12,"column":12},"end":{"line":12,"column":35}}},"fnMap":{"0":{"name":"(anonymous_0)","decl":{"start":{"line":3,"column":15},"end":{"line":3,"column":16}},"loc":{"start":{"line":3,"column":41},"end":{"line":15,"column":1}},"line":3}},"branchMap":{"0":{"loc":{"start":{"line":5,"column":4},"end":{"line":14,"column":5}},"type":"if","locations":[{"start":{"line":5,"column":4},"end":{"line":14,"column":5}},{"start":{"line":7,"column":11},"end":{"line":14,"column":5}}],"line":5},"1":{"loc":{"start":{"line":9,"column":8},"end":{"line":13,"column":9}},"type":"if","locations":[{"start":{"line":9,"column":8},"end":{"line":13,"column":9}},{"start":{"line":11,"column":15},"end":{"line":13,"column":9}}],"line":9}},"s":{"0":1,"1":2,"2":1,"3":1,"4":0,"5":1},"f":{"0":2},"b":{"0":[1,1],"1":[0,1]},"_coverageSchema":"1a1c01bbd47fc00a2c39e90264f33305004495a9","hash":"79f372d4903745063a73e8e834e8c7fa8ef3bd73"}
}
